<?xml version="1.0" encoding="UTF-8"?>
<!-- Generated by org.testng.reporters.JUnitReportReporter -->
<testsuite hostname="NLPULTP7204778" failures="0" tests="1" name="mavenforjenkins.UItest" time="15.972" errors="0" timestamp="2023-10-16T18:41:54 IST" skipped="0">
  <testcase classname="mavenforjenkins.UItest" name="startBrowser" time="15.972"/>
</testsuite> <!-- mavenforjenkins.UItest -->
